mode: set
github.com\linlexing\datatable.go\datacolumn.go:18.34,20.2 1 0
github.com\linlexing\datatable.go\datacolumn.go:23.49,24.15 1 0
github.com\linlexing\datatable.go\datacolumn.go:29.2,29.44 1 0
github.com\linlexing\datatable.go\datacolumn.go:24.15,25.31 1 0
github.com\linlexing\datatable.go\datacolumn.go:25.31,27.4 1 0
github.com\linlexing\datatable.go\datacolumn.go:31.46,32.15 1 1
github.com\linlexing\datatable.go\datacolumn.go:37.2,37.51 1 1
github.com\linlexing\datatable.go\datacolumn.go:32.15,33.31 1 1
github.com\linlexing\datatable.go\datacolumn.go:33.31,35.4 1 0
github.com\linlexing\datatable.go\datacolumn.go:39.42,43.2 3 0
github.com\linlexing\datatable.go\datacolumn.go:45.68,47.2 1 1
github.com\linlexing\datatable.go\datacolumn.go:48.47,50.2 1 1
github.com\linlexing\datatable.go\datacolumn.go:51.48,53.2 1 0
github.com\linlexing\datatable.go\datacolumn.go:54.46,56.2 1 1
github.com\linlexing\datatable.go\datacolumn.go:57.44,59.2 1 1
github.com\linlexing\datatable.go\datacolumn.go:60.45,62.2 1 0
github.com\linlexing\datatable.go\datacolumn.go:63.46,65.2 1 1
github.com\linlexing\datatable.go\datacolumn.go:66.45,68.2 1 0
github.com\linlexing\datatable.go\datarows.go:11.41,12.27 1 1
github.com\linlexing\datatable.go\datarows.go:17.2,17.8 1 1
github.com\linlexing\datatable.go\datarows.go:12.27,16.3 3 1
github.com\linlexing\datatable.go\datarows.go:19.32,20.22 1 1
github.com\linlexing\datatable.go\datarows.go:23.2,23.41 1 1
github.com\linlexing\datatable.go\datarows.go:20.22,22.3 1 1
github.com\linlexing\datatable.go\datarows.go:25.50,27.2 1 1
github.com\linlexing\datatable.go\datarows.go:28.46,31.2 2 1
github.com\linlexing\datatable.go\datarows.go:32.49,33.27 1 1
github.com\linlexing\datatable.go\datarows.go:36.2,36.8 1 1
github.com\linlexing\datatable.go\datarows.go:33.27,35.3 1 1
github.com\linlexing\datatable.go\datarows.go:38.50,40.27 2 1
github.com\linlexing\datatable.go\datarows.go:43.2,43.15 1 1
github.com\linlexing\datatable.go\datarows.go:40.27,42.3 1 1
github.com\linlexing\datatable.go\datarows.go:45.57,47.2 1 1
github.com\linlexing\datatable.go\datarows.go:48.58,49.27 1 1
github.com\linlexing\datatable.go\datarows.go:52.2,52.8 1 1
github.com\linlexing\datatable.go\datarows.go:49.27,51.3 1 1
github.com\linlexing\datatable.go\datatable.go:27.51,30.2 1 0
github.com\linlexing\datatable.go\datatable.go:31.46,33.2 1 0
github.com\linlexing\datatable.go\datatable.go:34.42,36.2 1 0
github.com\linlexing\datatable.go\datatable.go:68.43,76.2 3 1
github.com\linlexing\datatable.go\datatable.go:78.58,80.41 1 1
github.com\linlexing\datatable.go\datatable.go:80.41,83.42 3 1
github.com\linlexing\datatable.go\datatable.go:86.3,88.11 3 1
github.com\linlexing\datatable.go\datatable.go:83.42,85.4 1 1
github.com\linlexing\datatable.go\datatable.go:89.4,91.3 1 0
github.com\linlexing\datatable.go\datatable.go:93.33,94.23 1 0
github.com\linlexing\datatable.go\datatable.go:94.23,96.3 1 0
github.com\linlexing\datatable.go\datatable.go:99.40,101.39 2 0
github.com\linlexing\datatable.go\datatable.go:106.2,107.36 2 0
github.com\linlexing\datatable.go\datatable.go:111.2,112.15 2 0
github.com\linlexing\datatable.go\datatable.go:101.39,105.3 3 0
github.com\linlexing\datatable.go\datatable.go:107.36,110.3 1 0
github.com\linlexing\datatable.go\datatable.go:114.49,116.2 1 1
github.com\linlexing\datatable.go\datatable.go:117.38,119.34 2 0
github.com\linlexing\datatable.go\datatable.go:122.2,122.10 1 0
github.com\linlexing\datatable.go\datatable.go:119.34,121.3 1 0
github.com\linlexing\datatable.go\datatable.go:124.42,126.2 1 0
github.com\linlexing\datatable.go\datatable.go:127.44,129.30 2 0
github.com\linlexing\datatable.go\datatable.go:132.2,132.10 1 0
github.com\linlexing\datatable.go\datatable.go:129.30,131.3 1 0
github.com\linlexing\datatable.go\datatable.go:134.45,136.2 1 1
github.com\linlexing\datatable.go\datatable.go:137.59,138.31 1 1
github.com\linlexing\datatable.go\datatable.go:141.2,142.34 2 1
github.com\linlexing\datatable.go\datatable.go:145.2,145.15 1 1
github.com\linlexing\datatable.go\datatable.go:138.31,140.3 1 1
github.com\linlexing\datatable.go\datatable.go:142.34,144.3 1 1
github.com\linlexing\datatable.go\datatable.go:147.36,152.30 4 1
github.com\linlexing\datatable.go\datatable.go:155.2,155.19 1 1
github.com\linlexing\datatable.go\datatable.go:152.30,154.3 1 1
github.com\linlexing\datatable.go\datatable.go:158.36,160.2 1 1
github.com\linlexing\datatable.go\datatable.go:161.59,163.2 1 1
github.com\linlexing\datatable.go\datatable.go:164.79,166.32 2 1
github.com\linlexing\datatable.go\datatable.go:173.2,173.13 1 1
github.com\linlexing\datatable.go\datatable.go:166.32,168.37 2 1
github.com\linlexing\datatable.go\datatable.go:168.37,170.4 1 0
github.com\linlexing\datatable.go\datatable.go:176.69,178.34 2 1
github.com\linlexing\datatable.go\datatable.go:181.2,181.15 1 1
github.com\linlexing\datatable.go\datatable.go:178.34,180.3 1 1
github.com\linlexing\datatable.go\datatable.go:184.39,186.2 1 1
github.com\linlexing\datatable.go\datatable.go:187.80,189.39 2 1
github.com\linlexing\datatable.go\datatable.go:193.2,195.45 3 1
github.com\linlexing\datatable.go\datatable.go:198.2,202.48 5 1
github.com\linlexing\datatable.go\datatable.go:210.2,212.40 3 1
github.com\linlexing\datatable.go\datatable.go:216.2,216.15 1 1
github.com\linlexing\datatable.go\datatable.go:219.2,219.8 1 1
github.com\linlexing\datatable.go\datatable.go:189.39,191.3 1 0
github.com\linlexing\datatable.go\datatable.go:195.45,197.3 1 0
github.com\linlexing\datatable.go\datatable.go:202.48,206.60 3 1
github.com\linlexing\datatable.go\datatable.go:206.60,208.4 1 0
github.com\linlexing\datatable.go\datatable.go:212.40,215.3 2 1
github.com\linlexing\datatable.go\datatable.go:216.15,218.3 1 1
github.com\linlexing\datatable.go\datatable.go:222.58,224.2 1 1
github.com\linlexing\datatable.go\datatable.go:226.74,232.30 5 1
github.com\linlexing\datatable.go\datatable.go:240.2,240.15 1 1
github.com\linlexing\datatable.go\datatable.go:232.30,234.99 2 1
github.com\linlexing\datatable.go\datatable.go:234.99,236.4 1 1
github.com\linlexing\datatable.go\datatable.go:236.5,237.9 1 1
github.com\linlexing\datatable.go\datatable.go:242.51,243.31 1 1
github.com\linlexing\datatable.go\datatable.go:247.2,250.96 3 1
github.com\linlexing\datatable.go\datatable.go:243.31,245.3 1 0
github.com\linlexing\datatable.go\datatable.go:250.96,252.3 1 1
github.com\linlexing\datatable.go\datatable.go:252.4,254.3 1 0
github.com\linlexing\datatable.go\datatable.go:258.71,261.32 2 1
github.com\linlexing\datatable.go\datatable.go:262.2,263.28 1 0
github.com\linlexing\datatable.go\datatable.go:264.2,267.33 3 1
github.com\linlexing\datatable.go\datatable.go:270.3,270.16 1 1
github.com\linlexing\datatable.go\datatable.go:271.2,272.13 1 0
github.com\linlexing\datatable.go\datatable.go:267.33,269.4 1 1
github.com\linlexing\datatable.go\datatable.go:275.50,276.25 1 1
github.com\linlexing\datatable.go\datatable.go:281.2,281.14 1 1
github.com\linlexing\datatable.go\datatable.go:276.25,277.13 1 1
github.com\linlexing\datatable.go\datatable.go:277.13,279.4 1 1
github.com\linlexing\datatable.go\datatable.go:283.57,285.22 2 1
github.com\linlexing\datatable.go\datatable.go:290.2,290.36 1 1
github.com\linlexing\datatable.go\datatable.go:306.2,306.35 1 1
github.com\linlexing\datatable.go\datatable.go:285.22,287.3 1 1
github.com\linlexing\datatable.go\datatable.go:287.4,289.3 1 0
github.com\linlexing\datatable.go\datatable.go:290.36,293.40 3 1
github.com\linlexing\datatable.go\datatable.go:304.3,304.52 1 1
github.com\linlexing\datatable.go\datatable.go:293.40,295.59 2 1
github.com\linlexing\datatable.go\datatable.go:298.4,298.24 1 1
github.com\linlexing\datatable.go\datatable.go:295.59,296.13 1 1
github.com\linlexing\datatable.go\datatable.go:298.24,300.5 1 0
github.com\linlexing\datatable.go\datatable.go:300.6,302.5 1 1
github.com\linlexing\datatable.go\datatable.go:308.68,309.55 1 1
github.com\linlexing\datatable.go\datatable.go:312.2,314.30 3 1
github.com\linlexing\datatable.go\datatable.go:318.2,318.18 1 1
github.com\linlexing\datatable.go\datatable.go:309.55,311.3 1 0
github.com\linlexing\datatable.go\datatable.go:314.30,317.3 2 1
github.com\linlexing\datatable.go\datatable.go:320.64,321.55 1 0
github.com\linlexing\datatable.go\datatable.go:324.2,324.64 1 0
github.com\linlexing\datatable.go\datatable.go:321.55,323.3 1 0
github.com\linlexing\datatable.go\datatable.go:324.64,326.3 1 0
github.com\linlexing\datatable.go\datatable.go:326.4,328.3 1 0
github.com\linlexing\datatable.go\datatable.go:330.66,332.2 1 1
github.com\linlexing\datatable.go\datatable.go:333.65,336.32 3 1
github.com\linlexing\datatable.go\datatable.go:339.2,339.15 1 1
github.com\linlexing\datatable.go\datatable.go:336.32,338.3 1 1
github.com\linlexing\datatable.go\datatable.go:341.77,343.2 1 1
github.com\linlexing\datatable.go\datatable.go:344.52,346.37 2 1
github.com\linlexing\datatable.go\datatable.go:353.2,353.15 1 1
github.com\linlexing\datatable.go\datatable.go:346.37,347.23 1 1
github.com\linlexing\datatable.go\datatable.go:347.23,351.4 1 1
github.com\linlexing\datatable.go\datatable.go:355.52,357.37 2 1
github.com\linlexing\datatable.go\datatable.go:365.2,365.15 1 1
github.com\linlexing\datatable.go\datatable.go:357.37,358.23 1 1
github.com\linlexing\datatable.go\datatable.go:358.23,363.4 1 1
github.com\linlexing\datatable.go\datatable.go:367.52,369.44 2 1
github.com\linlexing\datatable.go\datatable.go:375.2,375.15 1 1
github.com\linlexing\datatable.go\datatable.go:369.44,374.3 1 1
github.com\linlexing\datatable.go\datatable.go:377.46,384.2 6 1
github.com\linlexing\datatable.go\datatable.go:386.51,387.55 1 1
github.com\linlexing\datatable.go\datatable.go:390.2,393.32 3 1
github.com\linlexing\datatable.go\datatable.go:401.2,404.22 4 1
github.com\linlexing\datatable.go\datatable.go:408.2,412.12 4 1
github.com\linlexing\datatable.go\datatable.go:387.55,389.3 1 0
github.com\linlexing\datatable.go\datatable.go:394.2,395.46 1 1
github.com\linlexing\datatable.go\datatable.go:396.2,397.38 1 0
github.com\linlexing\datatable.go\datatable.go:398.2,399.18 1 0
github.com\linlexing\datatable.go\datatable.go:404.22,407.3 1 1
github.com\linlexing\datatable.go\datatable.go:415.62,416.32 1 1
github.com\linlexing\datatable.go\datatable.go:419.2,423.58 4 1
github.com\linlexing\datatable.go\datatable.go:426.2,432.8 7 1
github.com\linlexing\datatable.go\datatable.go:416.32,418.3 1 0
github.com\linlexing\datatable.go\datatable.go:423.58,425.3 1 1
github.com\linlexing\datatable.go\datatable.go:435.60,437.2 1 1
github.com\linlexing\datatable.go\datatable.go:438.58,443.28 3 1
github.com\linlexing\datatable.go\datatable.go:443.28,444.23 1 1
github.com\linlexing\datatable.go\datatable.go:444.23,446.9 2 1
github.com\linlexing\datatable.go\datatable.go:452.55,453.26 1 1
github.com\linlexing\datatable.go\datatable.go:457.2,461.25 3 1
github.com\linlexing\datatable.go\datatable.go:465.2,465.63 1 1
github.com\linlexing\datatable.go\datatable.go:453.26,455.3 1 0
github.com\linlexing\datatable.go\datatable.go:461.25,463.3 1 1
github.com\linlexing\datatable.go\datatable.go:467.59,469.2 1 1
github.com\linlexing\datatable.go\datatable.go:470.36,471.41 1 1
github.com\linlexing\datatable.go\datatable.go:474.2,475.36 2 1
github.com\linlexing\datatable.go\datatable.go:478.2,478.14 1 1
github.com\linlexing\datatable.go\datatable.go:471.41,473.3 1 0
github.com\linlexing\datatable.go\datatable.go:475.36,477.3 1 1
github.com\linlexing\datatable.go\datatable.go:480.29,482.2 1 1
github.com\linlexing\datatable.go\datatable.go:483.40,484.41 1 1
github.com\linlexing\datatable.go\datatable.go:488.2,488.19 1 1
github.com\linlexing\datatable.go\datatable.go:484.41,486.3 1 1
github.com\linlexing\datatable.go\datatable.go:490.49,491.30 1 1
github.com\linlexing\datatable.go\datatable.go:496.2,496.11 1 1
github.com\linlexing\datatable.go\datatable.go:491.30,492.20 1 1
github.com\linlexing\datatable.go\datatable.go:492.20,494.4 1 1
github.com\linlexing\datatable.go\datatable.go:498.53,500.2 1 1
github.com\linlexing\datatable.go\datatable.go:502.63,503.34 1 1
github.com\linlexing\datatable.go\datatable.go:508.2,508.11 1 0
github.com\linlexing\datatable.go\datatable.go:503.34,504.22 1 1
github.com\linlexing\datatable.go\datatable.go:504.22,506.4 1 1
github.com\linlexing\datatable.go\datatable.go:510.39,512.2 1 0
github.com\linlexing\datatable.go\datatable.go:513.34,515.2 1 0
github.com\linlexing\datatable.go\datatable.go:517.50,518.52 1 1
github.com\linlexing\datatable.go\datatable.go:518.52,520.3 1 1
github.com\linlexing\datatable.go\datatable.go:526.44,529.26 2 1
github.com\linlexing\datatable.go\datatable.go:536.2,537.35 2 1
github.com\linlexing\datatable.go\datatable.go:529.26,530.37 1 1
github.com\linlexing\datatable.go\datatable.go:530.37,532.4 1 0
github.com\linlexing\datatable.go\datatable.go:532.5,534.4 1 1
github.com\linlexing\datatable.go\datatable.go:539.38,541.2 1 1
github.com\linlexing\datatable.go\internal.go:9.47,11.22 2 0
github.com\linlexing\datatable.go\internal.go:14.2,14.10 1 0
github.com\linlexing\datatable.go\internal.go:11.22,13.3 1 0
github.com\linlexing\datatable.go\internal.go:16.41,18.14 1 0
github.com\linlexing\datatable.go\internal.go:21.2,21.23 1 0
github.com\linlexing\datatable.go\internal.go:18.14,20.3 1 0
github.com\linlexing\datatable.go\internal.go:22.2,23.11 1 0
github.com\linlexing\datatable.go\internal.go:24.2,25.19 1 0
github.com\linlexing\datatable.go\internal.go:26.2,27.30 1 0
github.com\linlexing\datatable.go\internal.go:33.39,34.19 1 1
github.com\linlexing\datatable.go\internal.go:35.2,36.41 1 1
github.com\linlexing\datatable.go\internal.go:46.3,46.57 1 1
github.com\linlexing\datatable.go\internal.go:49.3,49.12 1 0
github.com\linlexing\datatable.go\internal.go:50.2,51.33 1 1
github.com\linlexing\datatable.go\internal.go:54.3,54.32 1 1
github.com\linlexing\datatable.go\internal.go:57.3,57.11 1 1
github.com\linlexing\datatable.go\internal.go:58.2,59.57 1 0
github.com\linlexing\datatable.go\internal.go:62.3,62.30 1 0
github.com\linlexing\datatable.go\internal.go:65.3,65.11 1 0
github.com\linlexing\datatable.go\internal.go:66.2,67.35 1 0
github.com\linlexing\datatable.go\internal.go:70.3,70.34 1 0
github.com\linlexing\datatable.go\internal.go:73.3,73.11 1 0
github.com\linlexing\datatable.go\internal.go:74.2,75.29 1 1
github.com\linlexing\datatable.go\internal.go:78.3,78.28 1 0
github.com\linlexing\datatable.go\internal.go:81.3,81.11 1 0
github.com\linlexing\datatable.go\internal.go:82.2,83.31 1 1
github.com\linlexing\datatable.go\internal.go:86.3,86.30 1 1
github.com\linlexing\datatable.go\internal.go:89.3,89.11 1 0
github.com\linlexing\datatable.go\internal.go:90.2,91.27 1 1
github.com\linlexing\datatable.go\internal.go:94.3,94.26 1 1
github.com\linlexing\datatable.go\internal.go:97.3,97.11 1 1
github.com\linlexing\datatable.go\internal.go:98.2,99.43 1 0
github.com\linlexing\datatable.go\internal.go:102.3,102.44 1 0
github.com\linlexing\datatable.go\internal.go:105.3,105.11 1 0
github.com\linlexing\datatable.go\internal.go:106.2,107.44 1 1
github.com\linlexing\datatable.go\internal.go:108.2,109.54 1 1
github.com\linlexing\datatable.go\internal.go:110.2,111.48 1 0
github.com\linlexing\datatable.go\internal.go:112.2,113.57 1 0
github.com\linlexing\datatable.go\internal.go:114.2,115.57 1 0
github.com\linlexing\datatable.go\internal.go:116.2,117.51 1 0
github.com\linlexing\datatable.go\internal.go:118.2,119.45 1 0
github.com\linlexing\datatable.go\internal.go:120.2,121.58 1 0
github.com\linlexing\datatable.go\internal.go:122.2,123.53 1 1
github.com\linlexing\datatable.go\internal.go:124.2,125.58 1 0
github.com\linlexing\datatable.go\internal.go:36.41,37.36 1 1
github.com\linlexing\datatable.go\internal.go:40.4,41.19 2 1
github.com\linlexing\datatable.go\internal.go:44.4,44.17 1 1
github.com\linlexing\datatable.go\internal.go:37.36,39.5 1 1
github.com\linlexing\datatable.go\internal.go:41.19,42.13 1 1
github.com\linlexing\datatable.go\internal.go:46.57,48.4 1 1
github.com\linlexing\datatable.go\internal.go:51.33,53.4 1 1
github.com\linlexing\datatable.go\internal.go:54.32,56.4 1 1
github.com\linlexing\datatable.go\internal.go:59.57,61.4 1 0
github.com\linlexing\datatable.go\internal.go:62.30,64.4 1 0
github.com\linlexing\datatable.go\internal.go:67.35,69.4 1 0
github.com\linlexing\datatable.go\internal.go:70.34,72.4 1 0
github.com\linlexing\datatable.go\internal.go:75.29,77.4 1 1
github.com\linlexing\datatable.go\internal.go:78.28,80.4 1 0
github.com\linlexing\datatable.go\internal.go:83.31,85.4 1 1
github.com\linlexing\datatable.go\internal.go:86.30,88.4 1 1
github.com\linlexing\datatable.go\internal.go:91.27,93.4 1 1
github.com\linlexing\datatable.go\internal.go:94.26,96.4 1 1
github.com\linlexing\datatable.go\internal.go:99.43,101.4 1 0
github.com\linlexing\datatable.go\internal.go:102.44,104.4 1 0
github.com\linlexing\datatable.go\internal.go:129.42,130.24 1 1
github.com\linlexing\datatable.go\internal.go:140.2,140.24 1 1
github.com\linlexing\datatable.go\internal.go:143.2,143.11 1 0
github.com\linlexing\datatable.go\internal.go:130.24,131.19 1 1
github.com\linlexing\datatable.go\internal.go:134.3,135.18 2 1
github.com\linlexing\datatable.go\internal.go:138.3,138.16 1 0
github.com\linlexing\datatable.go\internal.go:131.19,133.4 1 0
github.com\linlexing\datatable.go\internal.go:135.18,136.12 1 1
github.com\linlexing\datatable.go\internal.go:140.24,142.3 1 1
github.com\linlexing\datatable.go\internal.go:145.38,146.24 1 0
github.com\linlexing\datatable.go\internal.go:156.2,156.24 1 0
github.com\linlexing\datatable.go\internal.go:159.2,159.11 1 0
github.com\linlexing\datatable.go\internal.go:146.24,147.19 1 0
github.com\linlexing\datatable.go\internal.go:150.3,151.18 2 0
github.com\linlexing\datatable.go\internal.go:154.3,154.16 1 0
github.com\linlexing\datatable.go\internal.go:147.19,149.4 1 0
github.com\linlexing\datatable.go\internal.go:151.18,152.12 1 0
github.com\linlexing\datatable.go\internal.go:156.24,158.3 1 0
github.com\linlexing\datatable.go\internal.go:161.36,162.24 1 0
github.com\linlexing\datatable.go\internal.go:172.2,172.24 1 0
github.com\linlexing\datatable.go\internal.go:175.2,175.11 1 0
github.com\linlexing\datatable.go\internal.go:162.24,163.19 1 0
github.com\linlexing\datatable.go\internal.go:166.3,167.18 2 0
github.com\linlexing\datatable.go\internal.go:170.3,170.16 1 0
github.com\linlexing\datatable.go\internal.go:163.19,165.4 1 0
github.com\linlexing\datatable.go\internal.go:167.18,168.12 1 0
github.com\linlexing\datatable.go\internal.go:172.24,174.3 1 0
github.com\linlexing\datatable.go\internal.go:177.40,178.24 1 0
github.com\linlexing\datatable.go\internal.go:188.2,188.24 1 0
github.com\linlexing\datatable.go\internal.go:191.2,191.11 1 0
github.com\linlexing\datatable.go\internal.go:178.24,179.19 1 0
github.com\linlexing\datatable.go\internal.go:182.3,183.18 2 0
github.com\linlexing\datatable.go\internal.go:186.3,186.16 1 0
github.com\linlexing\datatable.go\internal.go:179.19,181.4 1 0
github.com\linlexing\datatable.go\internal.go:183.18,184.12 1 0
github.com\linlexing\datatable.go\internal.go:188.24,190.3 1 0
github.com\linlexing\datatable.go\internal.go:193.44,194.24 1 0
github.com\linlexing\datatable.go\internal.go:204.2,204.24 1 0
github.com\linlexing\datatable.go\internal.go:207.2,207.11 1 0
github.com\linlexing\datatable.go\internal.go:194.24,195.19 1 0
github.com\linlexing\datatable.go\internal.go:198.3,199.18 2 0
github.com\linlexing\datatable.go\internal.go:202.3,202.16 1 0
github.com\linlexing\datatable.go\internal.go:195.19,197.4 1 0
github.com\linlexing\datatable.go\internal.go:199.18,200.12 1 0
github.com\linlexing\datatable.go\internal.go:204.24,206.3 1 0
github.com\linlexing\datatable.go\internal.go:209.44,210.24 1 0
github.com\linlexing\datatable.go\internal.go:220.2,220.24 1 0
github.com\linlexing\datatable.go\internal.go:223.2,223.11 1 0
github.com\linlexing\datatable.go\internal.go:210.24,211.19 1 0
github.com\linlexing\datatable.go\internal.go:214.3,215.18 2 0
github.com\linlexing\datatable.go\internal.go:218.3,218.16 1 0
github.com\linlexing\datatable.go\internal.go:211.19,213.4 1 0
github.com\linlexing\datatable.go\internal.go:215.18,216.12 1 0
github.com\linlexing\datatable.go\internal.go:220.24,222.3 1 0
github.com\linlexing\datatable.go\internal.go:225.43,226.24 1 0
github.com\linlexing\datatable.go\internal.go:236.2,236.24 1 0
github.com\linlexing\datatable.go\internal.go:239.2,239.11 1 0
github.com\linlexing\datatable.go\internal.go:226.24,227.19 1 0
github.com\linlexing\datatable.go\internal.go:230.3,231.18 2 0
github.com\linlexing\datatable.go\internal.go:234.3,234.16 1 0
github.com\linlexing\datatable.go\internal.go:227.19,229.4 1 0
github.com\linlexing\datatable.go\internal.go:231.18,232.12 1 0
github.com\linlexing\datatable.go\internal.go:236.24,238.3 1 0
github.com\linlexing\datatable.go\internal.go:241.34,242.24 1 1
github.com\linlexing\datatable.go\internal.go:252.2,252.24 1 1
github.com\linlexing\datatable.go\internal.go:255.2,255.11 1 0
github.com\linlexing\datatable.go\internal.go:242.24,243.19 1 1
github.com\linlexing\datatable.go\internal.go:246.3,247.18 2 1
github.com\linlexing\datatable.go\internal.go:250.3,250.16 1 0
github.com\linlexing\datatable.go\internal.go:243.19,245.4 1 0
github.com\linlexing\datatable.go\internal.go:247.18,248.12 1 1
github.com\linlexing\datatable.go\internal.go:252.24,254.3 1 1
github.com\linlexing\datatable.go\internal.go:257.41,258.24 1 1
github.com\linlexing\datatable.go\internal.go:268.2,268.24 1 1
github.com\linlexing\datatable.go\internal.go:271.2,271.11 1 0
github.com\linlexing\datatable.go\internal.go:258.24,259.19 1 1
github.com\linlexing\datatable.go\internal.go:262.3,263.18 2 1
github.com\linlexing\datatable.go\internal.go:266.3,266.16 1 0
github.com\linlexing\datatable.go\internal.go:259.19,261.4 1 0
github.com\linlexing\datatable.go\internal.go:263.18,264.12 1 1
github.com\linlexing\datatable.go\internal.go:268.24,270.3 1 1
